<?xml version="1.0" encoding="UTF-8"?>
<!-- Generated by org.testng.reporters.JUnitReportReporter -->
<testsuite hostname="Dheenathayalans-MacBook-Air.local" failures="0" tests="7" name="tests.StackTests" time="460.047" errors="0" timestamp="2024-08-29T16:21:27 IST" skipped="0">
  <testcase classname="tests.StackTests" name="verifyUserCanNavigateToApplicationsPage" time="33.540"/>
  <testcase classname="tests.StackTests" name="verifyInvalidPythonCodeExecutionInStackTryEditor" time="92.677"/>
  <testcase classname="tests.StackTests" name="verifyUserCanNavigateToImplementationPage" time="28.485"/>
  <testcase classname="tests.StackTests" name="verifyUserCanNavigateToPracticeQuestionsPage" time="38.412"/>
  <testcase classname="tests.StackTests" name="verifyUserCanAccessTryEditorInOperationsInStack" time="93.492"/>
  <testcase classname="tests.StackTests" name="verifyValidPythonCodeExecutionInStackTryEditor" time="140.837"/>
  <testcase classname="tests.StackTests" name="verifyUserCanNavigateToOperationsInStack" time="32.604"/>
</testsuite> <!-- tests.StackTests -->
