<?xml version="1.0" encoding="UTF-8"?>
<!-- Generated by org.testng.reporters.JUnitReportReporter -->
<testsuite hostname="Dheenathayalans-MacBook-Air.local" failures="0" tests="1" name="tests.RegisterTests" time="18.017" errors="0" timestamp="2024-08-28T18:55:24 IST" skipped="0">
  <testcase classname="tests.RegisterTests" name="testUserRegistration" time="18.017"/>
</testsuite> <!-- tests.RegisterTests -->
