<?xml version="1.0" encoding="UTF-8"?>
<!-- Generated by org.testng.reporters.JUnitReportReporter -->
<testsuite hostname="Dheenathayalans-MacBook-Air.local" failures="0" tests="7" name="tests.SigninTests" time="190.835" errors="0" timestamp="2024-08-29T16:21:27 IST" skipped="0">
  <testcase classname="tests.SigninTests" name="testSignInWithInvalidUsernameAndPassword" time="28.935"/>
  <testcase classname="tests.SigninTests" name="testSignInWithValidUsernameAndPassword" time="26.357"/>
  <testcase classname="tests.SigninTests" name="testSignInWithBlankPassword" time="30.772"/>
  <testcase classname="tests.SigninTests" name="testSignInWithBlankUsernameAndPassword" time="26.442"/>
  <testcase classname="tests.SigninTests" name="testSignInWithValidUsernameAndInvalidPassword" time="25.705"/>
  <testcase classname="tests.SigninTests" name="testSignInWithInvalidUsernameAndValidPassword" time="25.207"/>
  <testcase classname="tests.SigninTests" name="testSignInWithBlankUsername" time="27.417"/>
</testsuite> <!-- tests.SigninTests -->
